0 info it worked if it ends with ok
1 verbose cli [ 'node',
1 verbose cli   '/Users/jonahss/.nvm/versions/io.js/v1.0.3/bin/npm',
1 verbose cli   'publish',
1 verbose cli   '--minor' ]
2 info using npm@2.7.0
3 info using node@v1.0.3
4 verbose node symlink /Users/jonahss/.nvm/versions/io.js/v1.0.3/bin/node
5 verbose publish [ '.' ]
6 silly cache add args [ '.', null ]
7 verbose cache add spec .
8 silly cache add parsed spec { raw: '.',
8 silly cache add   scope: null,
8 silly cache add   name: null,
8 silly cache add   rawSpec: '.',
8 silly cache add   spec: '/Users/jonahss/Workspace/sample-apps',
8 silly cache add   type: 'directory' }
9 verbose addLocalDirectory /Users/jonahss/.npm/sample-apps/1.1.0/package.tgz not in flight; packing
10 verbose tar pack [ '/Users/jonahss/.npm/sample-apps/1.1.0/package.tgz',
10 verbose tar pack   '/Users/jonahss/Workspace/sample-apps' ]
11 verbose tarball /Users/jonahss/.npm/sample-apps/1.1.0/package.tgz
12 verbose folder /Users/jonahss/Workspace/sample-apps
13 info prepublish sample-apps@1.1.0
14 verbose addLocalTarball adding from inside cache /Users/jonahss/.npm/sample-apps/1.1.0/package.tgz
15 silly cache afterAdd sample-apps@1.1.0
16 verbose afterAdd /Users/jonahss/.npm/sample-apps/1.1.0/package/package.json not in flight; writing
17 verbose afterAdd /Users/jonahss/.npm/sample-apps/1.1.0/package/package.json written
18 silly publish { name: 'sample-apps',
18 silly publish   version: '1.1.0',
18 silly publish   description: 'bundles and manages paths to sample mobile apps, for testing',
18 silly publish   main: 'index.js',
18 silly publish   scripts: { test: 'echo "Error: no test specified" && exit 1' },
18 silly publish   repository:
18 silly publish    { type: 'git',
18 silly publish      url: 'https://github.com/appium/sample-apps.git' },
18 silly publish   keywords: [ 'appium', 'test', 'app' ],
18 silly publish   author: { name: 'jonahss' },
18 silly publish   license: 'apache-2.0',
18 silly publish   bugs: { url: 'https://github.com/appium/sample-apps/issues' },
18 silly publish   homepage: 'https://github.com/appium/sample-apps',
18 silly publish   optionalDependencies:
18 silly publish    { 'android-apidemos': '^1.0.1',
18 silly publish      'gps-demo-app': '^1.0.0',
18 silly publish      'ios-test-app': '^1.0.1',
18 silly publish      'toggle-test-app': '^1.0.0',
18 silly publish      'io.appium.gappium.sampleapp': '^1.1.1' },
18 silly publish   dependencies:
18 silly publish    { underscore: '^1.7.0',
18 silly publish      'android-apidemos': '^1.0.1',
18 silly publish      'gps-demo-app': '^1.0.0',
18 silly publish      'ios-test-app': '^1.0.1',
18 silly publish      'toggle-test-app': '^1.0.0',
18 silly publish      'io.appium.gappium.sampleapp': '^1.1.1' },
18 silly publish   readme: '##sample-apps##\n\n`npm install sample-apps`\n\n\nThis module allows you to ask for apps by name and version, and it will return a full path to the .app, .apk or .zip file.\n\nSome of the apps are just binaries we have, stored in the pre-built directory.\nOthers exist as their own npm modules, loaded as dependencies and made available here.\n\nIt shouldn\'t matter to the user whether they are pre-built or not.\n\nThe modularized apps are in the package.json file as "optional dependencies" which means if for some reason they can\'t be loaded, this module will still install the rest of the apps.\nBut if an app doesn\'t load, it won\'t be included in `list()`\n\n##Usage##\n\n```\nsample_apps = require(\'sample-apps\');\n\napps = sample_apps.list();\n\nconsole.log(apps);\n//[ \'ApiDemos-debug\',\n//  \'UICatalog7.1\',\n//  \'ContactManager-selendroid\',\n//  \'ContactManager\',\n//  \'TestApp\',\n//  \'TestApp6.0\',\n//  \'TestApp6.1\',\n//  \'TestApp7.1\',\n//  \'UICatalog6.0\',\n//  \'UICatalog6.1\',\n//  \'WebViewApp6.0\',\n//  \'WebViewApp6.1\',\n//  \'WebViewApp7.1\' ]\n\npathToApiDemos = sample_apps(\'ApiDemos-debug\');\n// /Users/jonahss/sample-apps/node_modules/android-apidemos/bin/ApiDemos-debug.apk\n```\n',
18 silly publish   readmeFilename: 'README.md',
18 silly publish   gitHead: '6f96095b0aceba89714dda468caccd24abe8e7c1',
18 silly publish   _id: 'sample-apps@1.1.0',
18 silly publish   _shasum: 'a3f43f995f39f51685f553974c74cd4628a07427',
18 silly publish   _from: '.' }
19 silly mapToRegistry name sample-apps
20 silly mapToRegistry using default registry
21 silly mapToRegistry registry https://registry.npmjs.org/
22 silly mapToRegistry uri https://registry.npmjs.org/sample-apps
23 verbose publish registryBase https://registry.npmjs.org/
24 silly publish uploading /Users/jonahss/.npm/sample-apps/1.1.0/package.tgz
25 verbose request uri https://registry.npmjs.org/sample-apps
26 verbose request sending authorization for write operation
27 info attempt registry request try #1 at 13:55:14
28 verbose request id dd6a8f6b8f994ca5
29 http request PUT https://registry.npmjs.org/sample-apps
30 http 403 https://registry.npmjs.org/sample-apps
31 verbose headers { date: 'Mon, 23 Mar 2015 20:55:28 GMT',
31 verbose headers   server: 'CouchDB/1.5.0 (Erlang OTP/R16B03)',
31 verbose headers   'content-type': 'application/json',
31 verbose headers   'cache-control': 'max-age=60',
31 verbose headers   'content-length': '4410',
31 verbose headers   'accept-ranges': 'bytes',
31 verbose headers   via: '1.1 varnish',
31 verbose headers   'x-served-by': 'cache-lax1424-LAX',
31 verbose headers   'x-cache': 'MISS',
31 verbose headers   'x-cache-hits': '0',
31 verbose headers   'x-timer': 'S1427144115.466225,VS0,VE13077',
31 verbose headers   'keep-alive': 'timeout=10, max=50',
31 verbose headers   connection: 'Keep-Alive' }
32 verbose request invalidating /Users/jonahss/.npm/registry.npmjs.org/sample-apps on PUT
33 error publish Failed PUT 403
34 verbose stack Error: forbidden cannot modify pre-existing version: 1.1.0
34 verbose stack old={"name":"sample-apps","version":"1.1.0","description":"bundles and manages paths to sample mobile apps, for testing","main":"index.js","scripts":{"test":"echo \"Error: no test specified\" && exit 1"},"repository":{"type":"git","url":"https://github.com/appium/sample-apps.git"},"keywords":["appium","test","app"],"author":{"name":"jonahss"},"license":"apache-2.0","bugs":{"url":"https://github.com/appium/sample-apps/issues"},"homepage":"https://github.com/appium/sample-apps","optionalDependencies":{"android-apidemos":"^1.0.1","gps-demo-app":"^1.0.0","ios-test-app":"^1.0.1","toggle-test-app":"^1.0.0","io.appium.gappium.sampleapp":"^1.1.1"},"dependencies":{"underscore":"^1.7.0","android-apidemos":"^1.0.1","gps-demo-app":"^1.0.0","ios-test-app":"^1.0.1","toggle-test-app":"^1.0.0","io.appium.gappium.sampleapp":"^1.1.1"},"gitHead":"a8cf4bd5682a1615995ce47a35be112b10e733c5","_id":"sample-apps@1.1.0","_shasum":"2c1761002d375ff93ac69b8b8baeb1b5131fbd79","_from":".","_npmVersion":"2.7.0","_nodeVersion":"1.0.3","_npmUser":{"name":"jonahss","email":"jonahss@gmail.com"},"maintainers":[{"name":"jonahss","email":"jonahss@gmail.com"}],"dist":{"shasum":"2c1761002d375ff93ac69b8b8baeb1b5131fbd79","tarball":"http://registry.npmjs.org/sample-apps/-/sample-apps-1.1.0.tgz"}}
34 verbose stack new={"name":"sample-apps","version":"1.1.0","description":"bundles and manages paths to sample mobile apps, for testing","main":"index.js","scripts":{"test":"echo \"Error: no test specified\" && exit 1"},"repository":{"type":"git","url":"https://github.com/appium/sample-apps.git"},"keywords":["appium","test","app"],"author":{"name":"jonahss"},"license":"apache-2.0","bugs":{"url":"https://github.com/appium/sample-apps/issues"},"homepage":"https://github.com/appium/sample-apps","optionalDependencies":{"android-apidemos":"^1.0.1","gps-demo-app":"^1.0.0","ios-test-app":"^1.0.1","toggle-test-app":"^1.0.0","io.appium.gappium.sampleapp":"^1.1.1"},"dependencies":{"underscore":"^1.7.0","android-apidemos":"^1.0.1","gps-demo-app":"^1.0.0","ios-test-app":"^1.0.1","toggle-test-app":"^1.0.0","io.appium.gappium.sampleapp":"^1.1.1"},"readme":"##sample-apps##\u000a\u000a`npm install sample-apps`\u000a\u000a\u000aThis module allows you to ask for apps by name and version, and it will return a full path to the .app, .apk or .zip file.\u000a\u000aSome of the apps are just binaries we have, stored in the pre-built directory.\u000aOthers exist as their own npm modules, loaded as dependencies and made available here.\u000a\u000aIt shouldn't matter to the user whether they are pre-built or not.\u000a\u000aThe modularized apps are in the package.json file as \"optional dependencies\" which means if for some reason they can't be loaded, this module will still install the rest of the apps.\u000aBut if an app doesn't load, it won't be included in `list()`\u000a\u000a##Usage##\u000a\u000a```\u000asample_apps = require('sample-apps');\u000a\u000aapps = sample_apps.list();\u000a\u000aconsole.log(apps);\u000a//[ 'ApiDemos-debug',\u000a//  'UICatalog7.1',\u000a//  'ContactManager-selendroid',\u000a//  'ContactManager',\u000a//  'TestApp',\u000a//  'TestApp6.0',\u000a//  'TestApp6.1',\u000a//  'TestApp7.1',\u000a//  'UICatalog6.0',\u000a//  'UICatalog6.1',\u000a//  'WebViewApp6.0',\u000a//  'WebViewApp6.1',\u000a//  'WebViewApp7.1' ]\u000a\u000apathToApiDemos = sample_apps('ApiDemos-debug');\u000a// /Users/jonahss/sample-apps/node_modules/android-apidemos/bin/ApiDemos-debug.apk\u000a```\u000a","readmeFilename":"README.md","gitHead":"6f96095b0aceba89714dda468caccd24abe8e7c1","_id":"sample-apps@1.1.0","_shasum":"a3f43f995f39f51685f553974c74cd4628a07427","_from":".","_npmVersion":"2.7.0","_nodeVersion":"1.0.3","_npmUser":{"name":"jonahss","email":"jonahss@gmail.com"},"maintainers":[{"name":"jonahss","email":"jonahss@gmail.com"}],"dist":{"shasum":"a3f43f995f39f51685f553974c74cd4628a07427","tarball":"http://registry.npmjs.org/sample-apps/-/sample-apps-1.1.0.tgz"}}: sample-apps
34 verbose stack     at CachingRegistryClient.<anonymous> (/Users/jonahss/.nvm/versions/io.js/v1.0.3/lib/node_modules/npm/node_modules/npm-registry-client/lib/request.js:254:14)
34 verbose stack     at Request._callback (/Users/jonahss/.nvm/versions/io.js/v1.0.3/lib/node_modules/npm/node_modules/npm-registry-client/lib/request.js:178:14)
34 verbose stack     at Request.self.callback (/Users/jonahss/.nvm/versions/io.js/v1.0.3/lib/node_modules/npm/node_modules/request/request.js:344:22)
34 verbose stack     at Request.emit (events.js:98:17)
34 verbose stack     at Request.<anonymous> (/Users/jonahss/.nvm/versions/io.js/v1.0.3/lib/node_modules/npm/node_modules/request/request.js:1239:14)
34 verbose stack     at Request.emit (events.js:117:20)
34 verbose stack     at IncomingMessage.<anonymous> (/Users/jonahss/.nvm/versions/io.js/v1.0.3/lib/node_modules/npm/node_modules/request/request.js:1187:12)
34 verbose stack     at IncomingMessage.emit (events.js:117:20)
34 verbose stack     at _stream_readable.js:888:16
34 verbose stack     at process._tickCallback (node.js:337:11)
35 verbose statusCode 403
36 verbose pkgid sample-apps
37 verbose cwd /Users/jonahss/Workspace/sample-apps
38 error Darwin 14.1.0
39 error argv "node" "/Users/jonahss/.nvm/versions/io.js/v1.0.3/bin/npm" "publish" "--minor"
40 error node v1.0.3
41 error npm  v2.7.0
42 error code E403
43 error forbidden cannot modify pre-existing version: 1.1.0
43 error old={"name":"sample-apps","version":"1.1.0","description":"bundles and manages paths to sample mobile apps, for testing","main":"index.js","scripts":{"test":"echo \"Error: no test specified\" && exit 1"},"repository":{"type":"git","url":"https://github.com/appium/sample-apps.git"},"keywords":["appium","test","app"],"author":{"name":"jonahss"},"license":"apache-2.0","bugs":{"url":"https://github.com/appium/sample-apps/issues"},"homepage":"https://github.com/appium/sample-apps","optionalDependencies":{"android-apidemos":"^1.0.1","gps-demo-app":"^1.0.0","ios-test-app":"^1.0.1","toggle-test-app":"^1.0.0","io.appium.gappium.sampleapp":"^1.1.1"},"dependencies":{"underscore":"^1.7.0","android-apidemos":"^1.0.1","gps-demo-app":"^1.0.0","ios-test-app":"^1.0.1","toggle-test-app":"^1.0.0","io.appium.gappium.sampleapp":"^1.1.1"},"gitHead":"a8cf4bd5682a1615995ce47a35be112b10e733c5","_id":"sample-apps@1.1.0","_shasum":"2c1761002d375ff93ac69b8b8baeb1b5131fbd79","_from":".","_npmVersion":"2.7.0","_nodeVersion":"1.0.3","_npmUser":{"name":"jonahss","email":"jonahss@gmail.com"},"maintainers":[{"name":"jonahss","email":"jonahss@gmail.com"}],"dist":{"shasum":"2c1761002d375ff93ac69b8b8baeb1b5131fbd79","tarball":"http://registry.npmjs.org/sample-apps/-/sample-apps-1.1.0.tgz"}}
43 error new={"name":"sample-apps","version":"1.1.0","description":"bundles and manages paths to sample mobile apps, for testing","main":"index.js","scripts":{"test":"echo \"Error: no test specified\" && exit 1"},"repository":{"type":"git","url":"https://github.com/appium/sample-apps.git"},"keywords":["appium","test","app"],"author":{"name":"jonahss"},"license":"apache-2.0","bugs":{"url":"https://github.com/appium/sample-apps/issues"},"homepage":"https://github.com/appium/sample-apps","optionalDependencies":{"android-apidemos":"^1.0.1","gps-demo-app":"^1.0.0","ios-test-app":"^1.0.1","toggle-test-app":"^1.0.0","io.appium.gappium.sampleapp":"^1.1.1"},"dependencies":{"underscore":"^1.7.0","android-apidemos":"^1.0.1","gps-demo-app":"^1.0.0","ios-test-app":"^1.0.1","toggle-test-app":"^1.0.0","io.appium.gappium.sampleapp":"^1.1.1"},"readme":"##sample-apps##\u000a\u000a`npm install sample-apps`\u000a\u000a\u000aThis module allows you to ask for apps by name and version, and it will return a full path to the .app, .apk or .zip file.\u000a\u000aSome of the apps are just binaries we have, stored in the pre-built directory.\u000aOthers exist as their own npm modules, loaded as dependencies and made available here.\u000a\u000aIt shouldn't matter to the user whether they are pre-built or not.\u000a\u000aThe modularized apps are in the package.json file as \"optional dependencies\" which means if for some reason they can't be loaded, this module will still install the rest of the apps.\u000aBut if an app doesn't load, it won't be included in `list()`\u000a\u000a##Usage##\u000a\u000a```\u000asample_apps = require('sample-apps');\u000a\u000aapps = sample_apps.list();\u000a\u000aconsole.log(apps);\u000a//[ 'ApiDemos-debug',\u000a//  'UICatalog7.1',\u000a//  'ContactManager-selendroid',\u000a//  'ContactManager',\u000a//  'TestApp',\u000a//  'TestApp6.0',\u000a//  'TestApp6.1',\u000a//  'TestApp7.1',\u000a//  'UICatalog6.0',\u000a//  'UICatalog6.1',\u000a//  'WebViewApp6.0',\u000a//  'WebViewApp6.1',\u000a//  'WebViewApp7.1' ]\u000a\u000apathToApiDemos = sample_apps('ApiDemos-debug');\u000a// /Users/jonahss/sample-apps/node_modules/android-apidemos/bin/ApiDemos-debug.apk\u000a```\u000a","readmeFilename":"README.md","gitHead":"6f96095b0aceba89714dda468caccd24abe8e7c1","_id":"sample-apps@1.1.0","_shasum":"a3f43f995f39f51685f553974c74cd4628a07427","_from":".","_npmVersion":"2.7.0","_nodeVersion":"1.0.3","_npmUser":{"name":"jonahss","email":"jonahss@gmail.com"},"maintainers":[{"name":"jonahss","email":"jonahss@gmail.com"}],"dist":{"shasum":"a3f43f995f39f51685f553974c74cd4628a07427","tarball":"http://registry.npmjs.org/sample-apps/-/sample-apps-1.1.0.tgz"}}: sample-apps
44 error If you need help, you may report this error at:
44 error     <http://github.com/npm/npm/issues>
45 verbose exit [ 1, true ]
